<?xml version="1.0" encoding="UTF-8"?>
<!-- Generated by org.testng.reporters.JUnitXMLReporter -->
<testsuite hostname="Svetlanas-MacBook-Pro.local" name="Calculator" tests="44" failures="13" timestamp="23 Jun 2017 23:10:51 GMT" time="0.323" errors="0">
  <testcase name="testSum" time="0.017" classname="javatest.com.epam.cdp.testngtests.LongSumTest"/>
  <testcase name="testSum" time="0.0" classname="javatest.com.epam.cdp.testngtests.LongSumTest"/>
  <testcase name="testSum" time="0.0" classname="javatest.com.epam.cdp.testngtests.LongSumTest"/>
  <testcase name="testSum" time="0.0" classname="javatest.com.epam.cdp.testngtests.LongSumTest"/>
  <testcase name="testSum" time="0.0" classname="javatest.com.epam.cdp.testngtests.LongSumTest"/>
  <testcase name="testSum" time="0.002" classname="javatest.com.epam.cdp.testngtests.DoubleSumTest"/>
  <testcase name="testSum" time="0.001" classname="javatest.com.epam.cdp.testngtests.DoubleSumTest"/>
  <testcase name="testSum" time="0.0" classname="javatest.com.epam.cdp.testngtests.DoubleSumTest"/>
  <testcase name="testSum" time="0.0" classname="javatest.com.epam.cdp.testngtests.DoubleSumTest"/>
  <testcase name="testSum" time="0.012" classname="javatest.com.epam.cdp.testngtests.DoubleSumTest"/>
  <testcase name="testDivByLong" time="0.008" classname="javatest.com.epam.cdp.testngtests.LongDivTest">
    <failure type="java.lang.AssertionError" message="expected [1.33] but found [1.0]">
      <![CDATA[java.lang.AssertionError: expected [1.33] but found [1.0]
	at javatest.com.epam.cdp.testngtests.LongDivTest.testDivByLong(LongDivTest.java:30)
	at javatest.com.epam.cdp.testngtests.TestRunner.main(TestRunner.java:28)
... Removed 26 stack frames]]>
    </failure>
  </testcase> <!-- testDivByLong -->
  <testcase name="testDivByOne" time="0.0" classname="javatest.com.epam.cdp.testngtests.LongDivTest">
    <failure type="java.lang.AssertionError" message="expected [340] but found [340.0]">
      <![CDATA[java.lang.AssertionError: expected [340] but found [340.0]
	at javatest.com.epam.cdp.testngtests.LongDivTest.testDivByOne(LongDivTest.java:18)
	at javatest.com.epam.cdp.testngtests.TestRunner.main(TestRunner.java:28)
... Removed 26 stack frames]]>
    </failure>
  </testcase> <!-- testDivByOne -->
  <testcase name="testDivByZero" time="0.001" classname="javatest.com.epam.cdp.testngtests.LongDivTest"/>
  <testcase name="cos0" time="0.0" classname="javatest.com.epam.cdp.testngtests.TrigonometryTest">
    <failure type="java.lang.AssertionError" message="expected [1.0] but found [0.0]">
      <![CDATA[java.lang.AssertionError: expected [1.0] but found [0.0]
	at javatest.com.epam.cdp.testngtests.TrigonometryTest.cos0(TrigonometryTest.java:33)
	at javatest.com.epam.cdp.testngtests.TestRunner.main(TestRunner.java:28)
... Removed 26 stack frames]]>
    </failure>
  </testcase> <!-- cos0 -->
  <testcase name="ctg45" time="0.0" classname="javatest.com.epam.cdp.testngtests.TrigonometryTest"/>
  <testcase name="sin90" time="0.006" classname="javatest.com.epam.cdp.testngtests.TrigonometryTest">
    <failure type="java.lang.AssertionError" message="expected [1.0] but found [0.8939966636005579]">
      <![CDATA[java.lang.AssertionError: expected [1.0] but found [0.8939966636005579]
	at javatest.com.epam.cdp.testngtests.TrigonometryTest.sin90(TrigonometryTest.java:27)
	at javatest.com.epam.cdp.testngtests.TestRunner.main(TestRunner.java:28)
... Removed 26 stack frames]]>
    </failure>
  </testcase> <!-- sin90 -->
  <testcase name="tg45" time="0.0" classname="javatest.com.epam.cdp.testngtests.TrigonometryTest"/>
  <testcase name="DoubleMultTest" time="0.002" classname="javatest.com.epam.cdp.testngtests.MultTest">
    <failure type="java.lang.NullPointerException">
      <![CDATA[java.lang.NullPointerException
	at javatest.com.epam.cdp.testngtests.MultTest.DoubleMultTest(MultTest.java:40)
	at javatest.com.epam.cdp.testngtests.TestRunner.main(TestRunner.java:28)
... Removed 22 stack frames]]>
    </failure>
  </testcase> <!-- DoubleMultTest -->
  <testcase name="DoubleMultTest" time="0.001" classname="javatest.com.epam.cdp.testngtests.MultTest">
    <failure type="java.lang.NullPointerException">
      <![CDATA[java.lang.NullPointerException
	at javatest.com.epam.cdp.testngtests.MultTest.DoubleMultTest(MultTest.java:40)
	at javatest.com.epam.cdp.testngtests.TestRunner.main(TestRunner.java:28)
... Removed 22 stack frames]]>
    </failure>
  </testcase> <!-- DoubleMultTest -->
  <testcase name="DoubleMultTest" time="0.0" classname="javatest.com.epam.cdp.testngtests.MultTest">
    <failure type="java.lang.NullPointerException">
      <![CDATA[java.lang.NullPointerException
	at javatest.com.epam.cdp.testngtests.MultTest.DoubleMultTest(MultTest.java:40)
	at javatest.com.epam.cdp.testngtests.TestRunner.main(TestRunner.java:28)
... Removed 22 stack frames]]>
    </failure>
  </testcase> <!-- DoubleMultTest -->
  <testcase name="DoubleMultTest" time="0.001" classname="javatest.com.epam.cdp.testngtests.MultTest">
    <failure type="java.lang.NullPointerException">
      <![CDATA[java.lang.NullPointerException
	at javatest.com.epam.cdp.testngtests.MultTest.DoubleMultTest(MultTest.java:40)
	at javatest.com.epam.cdp.testngtests.TestRunner.main(TestRunner.java:28)
... Removed 22 stack frames]]>
    </failure>
  </testcase> <!-- DoubleMultTest -->
  <testcase name="LongMultTest" time="0.0" classname="javatest.com.epam.cdp.testngtests.MultTest">
    <failure type="java.lang.NullPointerException">
      <![CDATA[java.lang.NullPointerException
	at javatest.com.epam.cdp.testngtests.MultTest.LongMultTest(MultTest.java:23)
	at javatest.com.epam.cdp.testngtests.TestRunner.main(TestRunner.java:28)
... Removed 22 stack frames]]>
    </failure>
  </testcase> <!-- LongMultTest -->
  <testcase name="LongMultTest" time="0.0" classname="javatest.com.epam.cdp.testngtests.MultTest">
    <failure type="java.lang.NullPointerException">
      <![CDATA[java.lang.NullPointerException
	at javatest.com.epam.cdp.testngtests.MultTest.LongMultTest(MultTest.java:23)
	at javatest.com.epam.cdp.testngtests.TestRunner.main(TestRunner.java:28)
... Removed 22 stack frames]]>
    </failure>
  </testcase> <!-- LongMultTest -->
  <testcase name="LongMultTest" time="0.001" classname="javatest.com.epam.cdp.testngtests.MultTest">
    <failure type="java.lang.NullPointerException">
      <![CDATA[java.lang.NullPointerException
	at javatest.com.epam.cdp.testngtests.MultTest.LongMultTest(MultTest.java:23)
	at javatest.com.epam.cdp.testngtests.TestRunner.main(TestRunner.java:28)
... Removed 22 stack frames]]>
    </failure>
  </testcase> <!-- LongMultTest -->
  <testcase name="LongMultTest" time="0.0" classname="javatest.com.epam.cdp.testngtests.MultTest">
    <failure type="java.lang.NullPointerException">
      <![CDATA[java.lang.NullPointerException
	at javatest.com.epam.cdp.testngtests.MultTest.LongMultTest(MultTest.java:23)
	at javatest.com.epam.cdp.testngtests.TestRunner.main(TestRunner.java:28)
... Removed 22 stack frames]]>
    </failure>
  </testcase> <!-- LongMultTest -->
  <testcase name="LongMultTest" time="0.0" classname="javatest.com.epam.cdp.testngtests.MultTest">
    <failure type="java.lang.NullPointerException">
      <![CDATA[java.lang.NullPointerException
	at javatest.com.epam.cdp.testngtests.MultTest.LongMultTest(MultTest.java:23)
	at javatest.com.epam.cdp.testngtests.TestRunner.main(TestRunner.java:28)
... Removed 22 stack frames]]>
    </failure>
  </testcase> <!-- LongMultTest -->
  <testcase name="testDivByOne" time="0.0" classname="javatest.com.epam.cdp.testngtests.DoubleDivTest"/>
  <testcase name="testDivByZero" time="0.001" classname="javatest.com.epam.cdp.testngtests.DoubleDivTest"/>
  <testcase name="testPowByInt" time="0.001" classname="javatest.com.epam.cdp.testngtests.PowSqrtTest"/>
  <testcase name="testPowByZero" time="0.0" classname="javatest.com.epam.cdp.testngtests.PowSqrtTest"/>
  <testcase name="testSqrtOfInt" time="0.0" classname="javatest.com.epam.cdp.testngtests.PowSqrtTest"/>
  <testcase name="testSqrtOfOne" time="0.0" classname="javatest.com.epam.cdp.testngtests.PowSqrtTest"/>
  <testcase name="doubleSub" time="0.0" classname="javatest.com.epam.cdp.testngtests.SubTest"/>
  <testcase name="doubleSub" time="0.001" classname="javatest.com.epam.cdp.testngtests.SubTest"/>
  <testcase name="doubleSub" time="0.0" classname="javatest.com.epam.cdp.testngtests.SubTest"/>
  <testcase name="doubleSub" time="0.0" classname="javatest.com.epam.cdp.testngtests.SubTest"/>
  <testcase name="doubleSub" time="0.0" classname="javatest.com.epam.cdp.testngtests.SubTest"/>
  <testcase name="longSub" time="0.0" classname="javatest.com.epam.cdp.testngtests.SubTest"/>
  <testcase name="longSub" time="0.0" classname="javatest.com.epam.cdp.testngtests.SubTest"/>
  <testcase name="longSub" time="0.001" classname="javatest.com.epam.cdp.testngtests.SubTest"/>
  <testcase name="longSub" time="0.0" classname="javatest.com.epam.cdp.testngtests.SubTest"/>
  <testcase name="longSub" time="0.001" classname="javatest.com.epam.cdp.testngtests.SubTest"/>
  <testcase name="longSub" time="0.001" classname="javatest.com.epam.cdp.testngtests.SubTest"/>
  <testcase name="longSub" time="0.0" classname="javatest.com.epam.cdp.testngtests.SubTest"/>
</testsuite> <!-- Calculator -->
